<?xml version="1.0" encoding="UTF-8"?>
<!-- Generated by org.testng.reporters.JUnitXMLReporter -->
<testsuite ignored="0" hostname="LTIN388467" failures="0" tests="5" name="Default test" time="93.851" errors="0" timestamp="2023-11-14T13:05:27 IST">
  <testcase classname="test.SubmitFormTest" name="clickConsultation" time="14.958"/>
  <testcase classname="test.SubmitFormTest" name="fillForm" time="16.034"/>
  <testcase classname="test.SubmitFormTest" name="navigateToHomepage" time="0.527"/>
  <testcase classname="test.SubmitFormTest" name="navigateToSignin" time="30.992"/>
  <testcase classname="test.SubmitFormTest" name="signIn" time="15.069"/>
</testsuite> <!-- Default test -->
